# JRE version: OpenJDK Runtime Environment Temurin-17.0.3+7 (17.0.3+7) (build 17.0.3+7)
# Java VM: OpenJDK 64-Bit Server VM Temurin-17.0.3+7 (17.0.3+7, mixed mode, emulated-client, tiered, compressed oops, compressed class ptrs, g1 gc, windows-amd64)
GC Precious Log:
 CPUs: 16 total, 16 available
 Memory: 6005M
 Large Page Support: Disabled
 NUMA Support: Disabled
 Compressed Oops: Enabled (32-bit)
 Heap Region Size: 1M
 Heap Min Capacity: 8M
 Heap Initial Capacity: 94M
 Heap Max Capacity: 1502M
 Pre-touch: Disabled
 Parallel Workers: 13
 Concurrent Workers: 3
 Concurrent Refinement Workers: 13
 Periodic GC: Disabled
Heap:
 garbage-first heap   total 102400K, used 45456K [0x00000000a2200000, 0x0000000100000000)
  region size 1024K, 4 young (4096K), 4 survivors (4096K)
 Metaspace       used 34327K, committed 34688K, reserved 1081344K
  class space    used 4462K, committed 4608K, reserved 1048576K
GC Heap History (20 events):
Event: 2.432 GC heap after
{Heap after GC invocations=6 (full 0):
 garbage-first heap   total 45056K, used 16659K [0x00000000a2200000, 0x0000000100000000)
  region size 1024K, 3 young (3072K), 3 survivors (3072K)
 Metaspace       used 27113K, committed 27392K, reserved 1073152K
  class space    used 3387K, committed 3520K, reserved 1048576K
}
Event: 2.824 GC heap before
{Heap before GC invocations=6 (full 0):
 garbage-first heap   total 45056K, used 28947K [0x00000000a2200000, 0x0000000100000000)
  region size 1024K, 16 young (16384K), 3 survivors (3072K)
 Metaspace       used 29858K, committed 30144K, reserved 1081344K
  class space    used 3753K, committed 3904K, reserved 1048576K
}
Event: 2.830 GC heap after
{Heap after GC invocations=7 (full 0):
 garbage-first heap   total 45056K, used 17183K [0x00000000a2200000, 0x0000000100000000)
  region size 1024K, 2 young (2048K), 2 survivors (2048K)
 Metaspace       used 29858K, committed 30144K, reserved 1081344K
  class space    used 3753K, committed 3904K, reserved 1048576K
}
Event: 3.030 GC heap before
{Heap before GC invocations=7 (full 0):
 garbage-first heap   total 45056K, used 30495K [0x00000000a2200000, 0x0000000100000000)
  region size 1024K, 15 young (15360K), 2 survivors (2048K)
 Metaspace       used 31860K, committed 32128K, reserved 1081344K
  class space    used 4036K, committed 4160K, reserved 1048576K
}
Event: 3.033 GC heap after
{Heap after GC invocations=8 (full 0):
 garbage-first heap   total 54272K, used 18536K [0x00000000a2200000, 0x0000000100000000)
  region size 1024K, 2 young (2048K), 2 survivors (2048K)
 Metaspace       used 31860K, committed 32128K, reserved 1081344K
  class space    used 4036K, committed 4160K, reserved 1048576K
}
Event: 3.084 GC heap before
{Heap before GC invocations=8 (full 0):
 garbage-first heap   total 54272K, used 35944K [0x00000000a2200000, 0x0000000100000000)
  region size 1024K, 20 young (20480K), 2 survivors (2048K)
 Metaspace       used 32054K, committed 32320K, reserved 1081344K
  class space    used 4062K, committed 4160K, reserved 1048576K
}
Event: 3.088 GC heap after
{Heap after GC invocations=9 (full 0):
 garbage-first heap   total 54272K, used 22389K [0x00000000a2200000, 0x0000000100000000)
  region size 1024K, 3 young (3072K), 3 survivors (3072K)
 Metaspace       used 32054K, committed 32320K, reserved 1081344K
  class space    used 4062K, committed 4160K, reserved 1048576K
}
Event: 3.129 GC heap before
{Heap before GC invocations=9 (full 0):
 garbage-first heap   total 54272K, used 37749K [0x00000000a2200000, 0x0000000100000000)
  region size 1024K, 19 young (19456K), 3 survivors (3072K)
 Metaspace       used 32176K, committed 32448K, reserved 1081344K
  class space    used 4079K, committed 4224K, reserved 1048576K
}
Event: 3.133 GC heap after
{Heap after GC invocations=10 (full 0):
 garbage-first heap   total 54272K, used 25606K [0x00000000a2200000, 0x0000000100000000)
  region size 1024K, 3 young (3072K), 3 survivors (3072K)
 Metaspace       used 32176K, committed 32448K, reserved 1081344K
  class space    used 4079K, committed 4224K, reserved 1048576K
}
Event: 3.154 GC heap before
{Heap before GC invocations=10 (full 0):
 garbage-first heap   total 54272K, used 37894K [0x00000000a2200000, 0x0000000100000000)
  region size 1024K, 16 young (16384K), 3 survivors (3072K)
 Metaspace       used 32260K, committed 32576K, reserved 1081344K
  class space    used 4092K, committed 4224K, reserved 1048576K
}
Event: 3.158 GC heap after
{Heap after GC invocations=11 (full 0):
 garbage-first heap   total 54272K, used 30337K [0x00000000a2200000, 0x0000000100000000)
  region size 1024K, 2 young (2048K), 2 survivors (2048K)
 Metaspace       used 32260K, committed 32576K, reserved 1081344K
  class space    used 4092K, committed 4224K, reserved 1048576K
}
Event: 3.252 GC heap before
{Heap before GC invocations=11 (full 0):
 garbage-first heap   total 54272K, used 39553K [0x00000000a2200000, 0x0000000100000000)
  region size 1024K, 11 young (11264K), 2 survivors (2048K)
 Metaspace       used 32757K, committed 33088K, reserved 1081344K
  class space    used 4169K, committed 4288K, reserved 1048576K
}
Event: 3.256 GC heap after
{Heap after GC invocations=12 (full 0):
 garbage-first heap   total 102400K, used 33466K [0x00000000a2200000, 0x0000000100000000)
  region size 1024K, 2 young (2048K), 2 survivors (2048K)
 Metaspace       used 32757K, committed 33088K, reserved 1081344K
  class space    used 4169K, committed 4288K, reserved 1048576K
}
Event: 3.554 GC heap before
{Heap before GC invocations=13 (full 0):
 garbage-first heap   total 102400K, used 64186K [0x00000000a2200000, 0x0000000100000000)
  region size 1024K, 33 young (33792K), 2 survivors (2048K)
 Metaspace       used 34087K, committed 34432K, reserved 1081344K
  class space    used 4438K, committed 4608K, reserved 1048576K
}
Event: 3.563 GC heap after
{Heap after GC invocations=14 (full 0):
 garbage-first heap   total 102400K, used 41921K [0x00000000a2200000, 0x0000000100000000)
  region size 1024K, 5 young (5120K), 5 survivors (5120K)
 Metaspace       used 34087K, committed 34432K, reserved 1081344K
  class space    used 4438K, committed 4608K, reserved 1048576K
}
Event: 3.565 GC heap before
{Heap before GC invocations=14 (full 0):
 garbage-first heap   total 102400K, used 42945K [0x00000000a2200000, 0x0000000100000000)
  region size 1024K, 6 young (6144K), 5 survivors (5120K)
 Metaspace       used 34087K, committed 34432K, reserved 1081344K
  class space    used 4438K, committed 4608K, reserved 1048576K
}
Event: 3.570 GC heap after
{Heap after GC invocations=15 (full 0):
 garbage-first heap   total 102400K, used 42947K [0x00000000a2200000, 0x0000000100000000)
  region size 1024K, 1 young (1024K), 1 survivors (1024K)
 Metaspace       used 34087K, committed 34432K, reserved 1081344K
  class space    used 4438K, committed 4608K, reserved 1048576K
}
Event: 3.609 GC heap before
{Heap before GC invocations=15 (full 0):
 garbage-first heap   total 102400K, used 67523K [0x00000000a2200000, 0x0000000100000000)
  region size 1024K, 26 young (26624K), 1 survivors (1024K)
 Metaspace       used 34327K, committed 34688K, reserved 1081344K
  class space    used 4462K, committed 4608K, reserved 1048576K
}
Event: 3.610 GC heap after
{Heap after GC invocations=16 (full 0):
 garbage-first heap   total 102400K, used 44167K [0x00000000a2200000, 0x0000000100000000)
  region size 1024K, 2 young (2048K), 2 survivors (2048K)
 Metaspace       used 34327K, committed 34688K, reserved 1081344K
  class space    used 4462K, committed 4608K, reserved 1048576K
}
Event: 3.653 GC heap before
{Heap before GC invocations=16 (full 0):
 garbage-first heap   total 102400K, used 70791K [0x00000000a2200000, 0x0000000100000000)
  region size 1024K, 29 young (29696K), 2 survivors (2048K)
 Metaspace       used 34327K, committed 34688K, reserved 1081344K
  class space    used 4462K, committed 4608K, reserved 1048576K
}

