# JRE version: OpenJDK Runtime Environment Temurin-17.0.3+7 (17.0.3+7) (build 17.0.3+7)
# Java VM: OpenJDK 64-Bit Server VM Temurin-17.0.3+7 (17.0.3+7, mixed mode, emulated-client, tiered, compressed oops, compressed class ptrs, g1 gc, windows-amd64)
GC Precious Log:
 CPUs: 16 total, 16 available
 Memory: 6005M
 Large Page Support: Disabled
 NUMA Support: Disabled
 Compressed Oops: Enabled (32-bit)
 Heap Region Size: 1M
 Heap Min Capacity: 8M
 Heap Initial Capacity: 94M
 Heap Max Capacity: 1502M
 Pre-touch: Disabled
 Parallel Workers: 13
 Concurrent Workers: 3
 Concurrent Refinement Workers: 13
 Periodic GC: Disabled
Heap:
 garbage-first heap   total 99328K, used 33152K [0x00000000a2200000, 0x0000000100000000)
  region size 1024K, 1 young (1024K), 0 survivors (0K)
 Metaspace       used 52597K, committed 53056K, reserved 1097728K
  class space    used 6908K, committed 7104K, reserved 1048576K
GC Heap History (20 events):
Event: 39488.332 GC heap before
{Heap before GC invocations=956 (full 859):
 garbage-first heap   total 99328K, used 33152K [0x00000000a2200000, 0x0000000100000000)
  region size 1024K, 1 young (1024K), 0 survivors (0K)
 Metaspace       used 52597K, committed 53056K, reserved 1097728K
  class space    used 6908K, committed 7104K, reserved 1048576K
}
Event: 39488.405 GC heap after
{Heap after GC invocations=957 (full 860):
 garbage-first heap   total 99328K, used 33152K [0x00000000a2200000, 0x0000000100000000)
  region size 1024K, 0 young (0K), 0 survivors (0K)
 Metaspace       used 52597K, committed 53056K, reserved 1097728K
  class space    used 6908K, committed 7104K, reserved 1048576K
}
Event: 39498.753 GC heap before
{Heap before GC invocations=957 (full 860):
 garbage-first heap   total 99328K, used 33152K [0x00000000a2200000, 0x0000000100000000)
  region size 1024K, 1 young (1024K), 0 survivors (0K)
 Metaspace       used 52597K, committed 53056K, reserved 1097728K
  class space    used 6908K, committed 7104K, reserved 1048576K
}
Event: 39498.801 GC heap after
{Heap after GC invocations=958 (full 861):
 garbage-first heap   total 99328K, used 33152K [0x00000000a2200000, 0x0000000100000000)
  region size 1024K, 0 young (0K), 0 survivors (0K)
 Metaspace       used 52597K, committed 53056K, reserved 1097728K
  class space    used 6908K, committed 7104K, reserved 1048576K
}
Event: 39509.307 GC heap before
{Heap before GC invocations=958 (full 861):
 garbage-first heap   total 99328K, used 33152K [0x00000000a2200000, 0x0000000100000000)
  region size 1024K, 1 young (1024K), 0 survivors (0K)
 Metaspace       used 52597K, committed 53056K, reserved 1097728K
  class space    used 6908K, committed 7104K, reserved 1048576K
}
Event: 39509.375 GC heap after
{Heap after GC invocations=959 (full 862):
 garbage-first heap   total 99328K, used 33152K [0x00000000a2200000, 0x0000000100000000)
  region size 1024K, 0 young (0K), 0 survivors (0K)
 Metaspace       used 52597K, committed 53056K, reserved 1097728K
  class space    used 6908K, committed 7104K, reserved 1048576K
}
Event: 39519.944 GC heap before
{Heap before GC invocations=959 (full 862):
 garbage-first heap   total 99328K, used 33152K [0x00000000a2200000, 0x0000000100000000)
  region size 1024K, 1 young (1024K), 0 survivors (0K)
 Metaspace       used 52597K, committed 53056K, reserved 1097728K
  class space    used 6908K, committed 7104K, reserved 1048576K
}
Event: 39520.038 GC heap after
{Heap after GC invocations=960 (full 863):
 garbage-first heap   total 99328K, used 33152K [0x00000000a2200000, 0x0000000100000000)
  region size 1024K, 0 young (0K), 0 survivors (0K)
 Metaspace       used 52597K, committed 53056K, reserved 1097728K
  class space    used 6908K, committed 7104K, reserved 1048576K
}
Event: 39530.788 GC heap before
{Heap before GC invocations=960 (full 863):
 garbage-first heap   total 99328K, used 33152K [0x00000000a2200000, 0x0000000100000000)
  region size 1024K, 1 young (1024K), 0 survivors (0K)
 Metaspace       used 52597K, committed 53056K, reserved 1097728K
  class space    used 6908K, committed 7104K, reserved 1048576K
}
Event: 39530.861 GC heap after
{Heap after GC invocations=961 (full 864):
 garbage-first heap   total 99328K, used 33152K [0x00000000a2200000, 0x0000000100000000)
  region size 1024K, 0 young (0K), 0 survivors (0K)
 Metaspace       used 52597K, committed 53056K, reserved 1097728K
  class space    used 6908K, committed 7104K, reserved 1048576K
}
Event: 39541.306 GC heap before
{Heap before GC invocations=961 (full 864):
 garbage-first heap   total 99328K, used 33152K [0x00000000a2200000, 0x0000000100000000)
  region size 1024K, 1 young (1024K), 0 survivors (0K)
 Metaspace       used 52597K, committed 53056K, reserved 1097728K
  class space    used 6908K, committed 7104K, reserved 1048576K
}
Event: 39541.378 GC heap after
{Heap after GC invocations=962 (full 865):
 garbage-first heap   total 99328K, used 33152K [0x00000000a2200000, 0x0000000100000000)
  region size 1024K, 0 young (0K), 0 survivors (0K)
 Metaspace       used 52597K, committed 53056K, reserved 1097728K
  class space    used 6908K, committed 7104K, reserved 1048576K
}
Event: 39551.747 GC heap before
{Heap before GC invocations=962 (full 865):
 garbage-first heap   total 99328K, used 33152K [0x00000000a2200000, 0x0000000100000000)
  region size 1024K, 1 young (1024K), 0 survivors (0K)
 Metaspace       used 52597K, committed 53056K, reserved 1097728K
  class space    used 6908K, committed 7104K, reserved 1048576K
}
Event: 39551.797 GC heap after
{Heap after GC invocations=963 (full 866):
 garbage-first heap   total 99328K, used 33152K [0x00000000a2200000, 0x0000000100000000)
  region size 1024K, 0 young (0K), 0 survivors (0K)
 Metaspace       used 52597K, committed 53056K, reserved 1097728K
  class space    used 6908K, committed 7104K, reserved 1048576K
}
Event: 39562.151 GC heap before
{Heap before GC invocations=963 (full 866):
 garbage-first heap   total 99328K, used 33152K [0x00000000a2200000, 0x0000000100000000)
  region size 1024K, 1 young (1024K), 0 survivors (0K)
 Metaspace       used 52597K, committed 53056K, reserved 1097728K
  class space    used 6908K, committed 7104K, reserved 1048576K
}
Event: 39562.193 GC heap after
{Heap after GC invocations=964 (full 867):
 garbage-first heap   total 99328K, used 33152K [0x00000000a2200000, 0x0000000100000000)
  region size 1024K, 0 young (0K), 0 survivors (0K)
 Metaspace       used 52597K, committed 53056K, reserved 1097728K
  class space    used 6908K, committed 7104K, reserved 1048576K
}
Event: 39572.513 GC heap before
{Heap before GC invocations=964 (full 867):
 garbage-first heap   total 99328K, used 33152K [0x00000000a2200000, 0x0000000100000000)
  region size 1024K, 1 young (1024K), 0 survivors (0K)
 Metaspace       used 52597K, committed 53056K, reserved 1097728K
  class space    used 6908K, committed 7104K, reserved 1048576K
}
Event: 39572.562 GC heap after
{Heap after GC invocations=965 (full 868):
 garbage-first heap   total 99328K, used 33152K [0x00000000a2200000, 0x0000000100000000)
  region size 1024K, 0 young (0K), 0 survivors (0K)
 Metaspace       used 52597K, committed 53056K, reserved 1097728K
  class space    used 6908K, committed 7104K, reserved 1048576K
}
Event: 39582.884 GC heap before
{Heap before GC invocations=965 (full 868):
 garbage-first heap   total 99328K, used 33152K [0x00000000a2200000, 0x0000000100000000)
  region size 1024K, 1 young (1024K), 0 survivors (0K)
 Metaspace       used 52597K, committed 53056K, reserved 1097728K
  class space    used 6908K, committed 7104K, reserved 1048576K
}
Event: 39582.929 GC heap after
{Heap after GC invocations=966 (full 869):
 garbage-first heap   total 99328K, used 33152K [0x00000000a2200000, 0x0000000100000000)
  region size 1024K, 0 young (0K), 0 survivors (0K)
 Metaspace       used 52597K, committed 53056K, reserved 1097728K
  class space    used 6908K, committed 7104K, reserved 1048576K
}

