# JRE version: OpenJDK Runtime Environment Temurin-17.0.3+7 (17.0.3+7) (build 17.0.3+7)
# Java VM: OpenJDK 64-Bit Server VM Temurin-17.0.3+7 (17.0.3+7, mixed mode, emulated-client, tiered, compressed oops, compressed class ptrs, g1 gc, windows-amd64)
GC Precious Log:
 CPUs: 16 total, 16 available
 Memory: 6005M
 Large Page Support: Disabled
 NUMA Support: Disabled
 Compressed Oops: Enabled (32-bit)
 Heap Region Size: 1M
 Heap Min Capacity: 8M
 Heap Initial Capacity: 94M
 Heap Max Capacity: 1502M
 Pre-touch: Disabled
 Parallel Workers: 13
 Concurrent Workers: 3
 Concurrent Refinement Workers: 13
 Periodic GC: Disabled
Heap:
 garbage-first heap   total 80896K, used 41193K [0x00000000a2200000, 0x0000000100000000)
  region size 1024K, 2 young (2048K), 2 survivors (2048K)
 Metaspace       used 34090K, committed 34432K, reserved 1081344K
  class space    used 4440K, committed 4608K, reserved 1048576K
GC Heap History (20 events):
Event: 2.617 GC heap after
{Heap after GC invocations=3 (full 0):
 garbage-first heap   total 96256K, used 11552K [0x00000000a2200000, 0x0000000100000000)
  region size 1024K, 4 young (4096K), 4 survivors (4096K)
 Metaspace       used 21346K, committed 21504K, reserved 1073152K
  class space    used 2600K, committed 2688K, reserved 1048576K
}
Event: 3.173 GC heap before
{Heap before GC invocations=4 (full 0):
 garbage-first heap   total 48128K, used 34080K [0x00000000a2200000, 0x0000000100000000)
  region size 1024K, 28 young (28672K), 4 survivors (4096K)
 Metaspace       used 25140K, committed 25344K, reserved 1073152K
  class space    used 3086K, committed 3200K, reserved 1048576K
}
Event: 3.178 GC heap after
{Heap after GC invocations=5 (full 0):
 garbage-first heap   total 48128K, used 13066K [0x00000000a2200000, 0x0000000100000000)
  region size 1024K, 3 young (3072K), 3 survivors (3072K)
 Metaspace       used 25140K, committed 25344K, reserved 1073152K
  class space    used 3086K, committed 3200K, reserved 1048576K
}
Event: 3.603 GC heap before
{Heap before GC invocations=5 (full 0):
 garbage-first heap   total 48128K, used 29450K [0x00000000a2200000, 0x0000000100000000)
  region size 1024K, 20 young (20480K), 3 survivors (3072K)
 Metaspace       used 27666K, committed 27968K, reserved 1073152K
  class space    used 3465K, committed 3584K, reserved 1048576K
}
Event: 3.611 GC heap after
{Heap after GC invocations=6 (full 0):
 garbage-first heap   total 48128K, used 15538K [0x00000000a2200000, 0x0000000100000000)
  region size 1024K, 3 young (3072K), 3 survivors (3072K)
 Metaspace       used 27666K, committed 27968K, reserved 1073152K
  class space    used 3465K, committed 3584K, reserved 1048576K
}
Event: 4.135 GC heap before
{Heap before GC invocations=6 (full 0):
 garbage-first heap   total 48128K, used 30898K [0x00000000a2200000, 0x0000000100000000)
  region size 1024K, 19 young (19456K), 3 survivors (3072K)
 Metaspace       used 31068K, committed 31360K, reserved 1081344K
  class space    used 3923K, committed 4032K, reserved 1048576K
}
Event: 4.142 GC heap after
{Heap after GC invocations=7 (full 0):
 garbage-first heap   total 48128K, used 16822K [0x00000000a2200000, 0x0000000100000000)
  region size 1024K, 2 young (2048K), 2 survivors (2048K)
 Metaspace       used 31068K, committed 31360K, reserved 1081344K
  class space    used 3923K, committed 4032K, reserved 1048576K
}
Event: 4.277 GC heap before
{Heap before GC invocations=7 (full 0):
 garbage-first heap   total 48128K, used 32182K [0x00000000a2200000, 0x0000000100000000)
  region size 1024K, 18 young (18432K), 2 survivors (2048K)
 Metaspace       used 31784K, committed 32128K, reserved 1081344K
  class space    used 4028K, committed 4224K, reserved 1048576K
}
Event: 4.281 GC heap after
{Heap after GC invocations=8 (full 0):
 garbage-first heap   total 48128K, used 19329K [0x00000000a2200000, 0x0000000100000000)
  region size 1024K, 3 young (3072K), 3 survivors (3072K)
 Metaspace       used 31784K, committed 32128K, reserved 1081344K
  class space    used 4028K, committed 4224K, reserved 1048576K
}
Event: 4.342 GC heap before
{Heap before GC invocations=8 (full 0):
 garbage-first heap   total 48128K, used 33665K [0x00000000a2200000, 0x0000000100000000)
  region size 1024K, 18 young (18432K), 3 survivors (3072K)
 Metaspace       used 31878K, committed 32192K, reserved 1081344K
  class space    used 4041K, committed 4224K, reserved 1048576K
}
Event: 4.346 GC heap after
{Heap after GC invocations=9 (full 0):
 garbage-first heap   total 58368K, used 22818K [0x00000000a2200000, 0x0000000100000000)
  region size 1024K, 3 young (3072K), 3 survivors (3072K)
 Metaspace       used 31878K, committed 32192K, reserved 1081344K
  class space    used 4041K, committed 4224K, reserved 1048576K
}
Event: 4.388 GC heap before
{Heap before GC invocations=9 (full 0):
 garbage-first heap   total 58368K, used 41250K [0x00000000a2200000, 0x0000000100000000)
  region size 1024K, 21 young (21504K), 3 survivors (3072K)
 Metaspace       used 32013K, committed 32320K, reserved 1081344K
  class space    used 4059K, committed 4224K, reserved 1048576K
}
Event: 4.392 GC heap after
{Heap after GC invocations=10 (full 0):
 garbage-first heap   total 58368K, used 27558K [0x00000000a2200000, 0x0000000100000000)
  region size 1024K, 3 young (3072K), 3 survivors (3072K)
 Metaspace       used 32013K, committed 32320K, reserved 1081344K
  class space    used 4059K, committed 4224K, reserved 1048576K
}
Event: 4.561 GC heap before
{Heap before GC invocations=10 (full 0):
 garbage-first heap   total 58368K, used 40870K [0x00000000a2200000, 0x0000000100000000)
  region size 1024K, 17 young (17408K), 3 survivors (3072K)
 Metaspace       used 32758K, committed 33152K, reserved 1081344K
  class space    used 4171K, committed 4352K, reserved 1048576K
}
Event: 4.566 GC heap after
{Heap after GC invocations=11 (full 0):
 garbage-first heap   total 58368K, used 31867K [0x00000000a2200000, 0x0000000100000000)
  region size 1024K, 3 young (3072K), 3 survivors (3072K)
 Metaspace       used 32758K, committed 33152K, reserved 1081344K
  class space    used 4171K, committed 4352K, reserved 1048576K
}
Event: 4.748 GC heap before
{Heap before GC invocations=11 (full 0):
 garbage-first heap   total 58368K, used 42107K [0x00000000a2200000, 0x0000000100000000)
  region size 1024K, 14 young (14336K), 3 survivors (3072K)
 Metaspace       used 33902K, committed 34176K, reserved 1081344K
  class space    used 4403K, committed 4544K, reserved 1048576K
}
Event: 4.750 GC heap after
{Heap after GC invocations=12 (full 0):
 garbage-first heap   total 58368K, used 33222K [0x00000000a2200000, 0x0000000100000000)
  region size 1024K, 1 young (1024K), 1 survivors (1024K)
 Metaspace       used 33902K, committed 34176K, reserved 1081344K
  class space    used 4403K, committed 4544K, reserved 1048576K
}
Event: 4.840 GC heap before
{Heap before GC invocations=13 (full 0):
 garbage-first heap   total 61440K, used 43462K [0x00000000a2200000, 0x0000000100000000)
  region size 1024K, 11 young (11264K), 1 survivors (1024K)
 Metaspace       used 34029K, committed 34368K, reserved 1081344K
  class space    used 4431K, committed 4608K, reserved 1048576K
}
Event: 4.842 GC heap after
{Heap after GC invocations=14 (full 0):
 garbage-first heap   total 61440K, used 36209K [0x00000000a2200000, 0x0000000100000000)
  region size 1024K, 2 young (2048K), 2 survivors (2048K)
 Metaspace       used 34029K, committed 34368K, reserved 1081344K
  class space    used 4431K, committed 4608K, reserved 1048576K
}
Event: 4.886 GC heap before
{Heap before GC invocations=14 (full 0):
 garbage-first heap   total 61440K, used 45425K [0x00000000a2200000, 0x0000000100000000)
  region size 1024K, 12 young (12288K), 2 survivors (2048K)
 Metaspace       used 34090K, committed 34432K, reserved 1081344K
  class space    used 4440K, committed 4608K, reserved 1048576K
}

