# JRE version: OpenJDK Runtime Environment Temurin-17.0.3+7 (17.0.3+7) (build 17.0.3+7)
# Java VM: OpenJDK 64-Bit Server VM Temurin-17.0.3+7 (17.0.3+7, mixed mode, emulated-client, tiered, compressed oops, compressed class ptrs, g1 gc, windows-amd64)
GC Precious Log:
 CPUs: 16 total, 16 available
 Memory: 6005M
 Large Page Support: Disabled
 NUMA Support: Disabled
 Compressed Oops: Enabled (32-bit)
 Heap Region Size: 1M
 Heap Min Capacity: 8M
 Heap Initial Capacity: 94M
 Heap Max Capacity: 1502M
 Pre-touch: Disabled
 Parallel Workers: 13
 Concurrent Workers: 3
 Concurrent Refinement Workers: 13
 Periodic GC: Disabled
Heap:
 garbage-first heap   total 77824K, used 45118K [0x00000000a2200000, 0x0000000100000000)
  region size 1024K, 1 young (1024K), 1 survivors (1024K)
 Metaspace       used 34324K, committed 34688K, reserved 1081344K
  class space    used 4458K, committed 4608K, reserved 1048576K
GC Heap History (20 events):
Event: 3.078 GC heap after
{Heap after GC invocations=7 (full 0):
 garbage-first heap   total 45056K, used 17541K [0x00000000a2200000, 0x0000000100000000)
  region size 1024K, 2 young (2048K), 2 survivors (2048K)
 Metaspace       used 29837K, committed 30144K, reserved 1081344K
  class space    used 3747K, committed 3904K, reserved 1048576K
}
Event: 3.275 GC heap before
{Heap before GC invocations=7 (full 0):
 garbage-first heap   total 45056K, used 29829K [0x00000000a2200000, 0x0000000100000000)
  region size 1024K, 15 young (15360K), 2 survivors (2048K)
 Metaspace       used 31816K, committed 32064K, reserved 1081344K
  class space    used 4028K, committed 4160K, reserved 1048576K
}
Event: 3.279 GC heap after
{Heap after GC invocations=8 (full 0):
 garbage-first heap   total 54272K, used 18750K [0x00000000a2200000, 0x0000000100000000)
  region size 1024K, 2 young (2048K), 2 survivors (2048K)
 Metaspace       used 31816K, committed 32064K, reserved 1081344K
  class space    used 4028K, committed 4160K, reserved 1048576K
}
Event: 3.355 GC heap before
{Heap before GC invocations=8 (full 0):
 garbage-first heap   total 54272K, used 36158K [0x00000000a2200000, 0x0000000100000000)
  region size 1024K, 20 young (20480K), 2 survivors (2048K)
 Metaspace       used 31992K, committed 32256K, reserved 1081344K
  class space    used 4050K, committed 4160K, reserved 1048576K
}
Event: 3.358 GC heap after
{Heap after GC invocations=9 (full 0):
 garbage-first heap   total 54272K, used 22614K [0x00000000a2200000, 0x0000000100000000)
  region size 1024K, 3 young (3072K), 3 survivors (3072K)
 Metaspace       used 31992K, committed 32256K, reserved 1081344K
  class space    used 4050K, committed 4160K, reserved 1048576K
}
Event: 3.420 GC heap before
{Heap before GC invocations=9 (full 0):
 garbage-first heap   total 54272K, used 37974K [0x00000000a2200000, 0x0000000100000000)
  region size 1024K, 19 young (19456K), 3 survivors (3072K)
 Metaspace       used 32138K, committed 32384K, reserved 1081344K
  class space    used 4069K, committed 4160K, reserved 1048576K
}
Event: 3.423 GC heap after
{Heap after GC invocations=10 (full 0):
 garbage-first heap   total 54272K, used 26129K [0x00000000a2200000, 0x0000000100000000)
  region size 1024K, 3 young (3072K), 3 survivors (3072K)
 Metaspace       used 32138K, committed 32384K, reserved 1081344K
  class space    used 4069K, committed 4160K, reserved 1048576K
}
Event: 3.446 GC heap before
{Heap before GC invocations=10 (full 0):
 garbage-first heap   total 54272K, used 37393K [0x00000000a2200000, 0x0000000100000000)
  region size 1024K, 15 young (15360K), 3 survivors (3072K)
 Metaspace       used 32211K, committed 32576K, reserved 1081344K
  class space    used 4080K, committed 4224K, reserved 1048576K
}
Event: 3.450 GC heap after
{Heap after GC invocations=11 (full 0):
 garbage-first heap   total 54272K, used 30386K [0x00000000a2200000, 0x0000000100000000)
  region size 1024K, 2 young (2048K), 2 survivors (2048K)
 Metaspace       used 32211K, committed 32576K, reserved 1081344K
  class space    used 4080K, committed 4224K, reserved 1048576K
}
Event: 3.538 GC heap before
{Heap before GC invocations=12 (full 0):
 garbage-first heap   total 61440K, used 38578K [0x00000000a2200000, 0x0000000100000000)
  region size 1024K, 11 young (11264K), 2 survivors (2048K)
 Metaspace       used 32631K, committed 32960K, reserved 1081344K
  class space    used 4154K, committed 4288K, reserved 1048576K
}
Event: 3.542 GC heap after
{Heap after GC invocations=13 (full 0):
 garbage-first heap   total 77824K, used 33623K [0x00000000a2200000, 0x0000000100000000)
  region size 1024K, 2 young (2048K), 2 survivors (2048K)
 Metaspace       used 32631K, committed 32960K, reserved 1081344K
  class space    used 4154K, committed 4288K, reserved 1048576K
}
Event: 3.558 GC heap before
{Heap before GC invocations=13 (full 0):
 garbage-first heap   total 77824K, used 33623K [0x00000000a2200000, 0x0000000100000000)
  region size 1024K, 3 young (3072K), 2 survivors (2048K)
 Metaspace       used 32706K, committed 33024K, reserved 1081344K
  class space    used 4166K, committed 4288K, reserved 1048576K
}
Event: 3.560 GC heap after
{Heap after GC invocations=14 (full 0):
 garbage-first heap   total 77824K, used 34129K [0x00000000a2200000, 0x0000000100000000)
  region size 1024K, 1 young (1024K), 1 survivors (1024K)
 Metaspace       used 32706K, committed 33024K, reserved 1081344K
  class space    used 4166K, committed 4288K, reserved 1048576K
}
Event: 3.842 GC heap before
{Heap before GC invocations=14 (full 0):
 garbage-first heap   total 77824K, used 52561K [0x00000000a2200000, 0x0000000100000000)
  region size 1024K, 19 young (19456K), 1 survivors (1024K)
 Metaspace       used 33995K, committed 34368K, reserved 1081344K
  class space    used 4426K, committed 4608K, reserved 1048576K
}
Event: 3.843 GC heap after
{Heap after GC invocations=15 (full 0):
 garbage-first heap   total 77824K, used 34912K [0x00000000a2200000, 0x0000000100000000)
  region size 1024K, 2 young (2048K), 2 survivors (2048K)
 Metaspace       used 33995K, committed 34368K, reserved 1081344K
  class space    used 4426K, committed 4608K, reserved 1048576K
}
Event: 3.918 GC heap before
{Heap before GC invocations=15 (full 0):
 garbage-first heap   total 77824K, used 53344K [0x00000000a2200000, 0x0000000100000000)
  region size 1024K, 21 young (21504K), 2 survivors (2048K)
 Metaspace       used 34086K, committed 34432K, reserved 1081344K
  class space    used 4436K, committed 4608K, reserved 1048576K
}
Event: 3.928 GC heap after
{Heap after GC invocations=16 (full 0):
 garbage-first heap   total 77824K, used 42789K [0x00000000a2200000, 0x0000000100000000)
  region size 1024K, 3 young (3072K), 3 survivors (3072K)
 Metaspace       used 34086K, committed 34432K, reserved 1081344K
  class space    used 4436K, committed 4608K, reserved 1048576K
}
Event: 3.966 GC heap before
{Heap before GC invocations=16 (full 0):
 garbage-first heap   total 77824K, used 56101K [0x00000000a2200000, 0x0000000100000000)
  region size 1024K, 17 young (17408K), 3 survivors (3072K)
 Metaspace       used 34214K, committed 34560K, reserved 1081344K
  class space    used 4451K, committed 4608K, reserved 1048576K
}
Event: 3.968 GC heap after
{Heap after GC invocations=17 (full 0):
 garbage-first heap   total 77824K, used 44335K [0x00000000a2200000, 0x0000000100000000)
  region size 1024K, 2 young (2048K), 2 survivors (2048K)
 Metaspace       used 34214K, committed 34560K, reserved 1081344K
  class space    used 4451K, committed 4608K, reserved 1048576K
}
Event: 3.991 GC heap before
{Heap before GC invocations=17 (full 0):
 garbage-first heap   total 77824K, used 57647K [0x00000000a2200000, 0x0000000100000000)
  region size 1024K, 16 young (16384K), 2 survivors (2048K)
 Metaspace       used 34324K, committed 34688K, reserved 1081344K
  class space    used 4458K, committed 4608K, reserved 1048576K
}

